<?xml version="1.0"?>
<component name="org.nuxeo.ecm.core.storage.marklogic.test.types">

  <extension target="org.nuxeo.ecm.core.schema.TypeService" point="schema">
    <schema name="picture" src="schemas/picture.xsd" prefix="info" />
    <schema name="dublincore" prefix="dc" src="schemas/dublincore.xsd" />
    <schema name="age" src="schemas/age.xsd" prefix="age" isVersionWritable="true" />
  </extension>

  <extension target="org.nuxeo.ecm.core.schema.TypeService" point="doctype">
    <!-- facet tests -->
    <facet name="Aged">
      <schema name="age" />
    </facet>
    <doctype name="DocWithAge" extends="Document">
      <schema name="dublincore" />
      <facet name="Aged" />
    </doctype>
  </extension>

</component>